<?xml version="1.0" encoding="UTF-8"?>
<testsuite xmlns:xsi="http://www.w3.org/2001/XMLSchema-instance" xsi:noNamespaceSchemaLocation="https://maven.apache.org/surefire/maven-surefire-plugin/xsd/surefire-test-report-3.0.xsd" version="3.0" name="NewEmptyJUnitTest" time="0.167" tests="6" errors="0" skipped="0" failures="0">
  <properties>
[...]
</properties>
  <testcase name="TestFive" classname="NewEmptyJUnitTest" time="0.076">
    <system-out><![CDATA[-posx:50-poxy:2-id:circulo_1-color:RED
-posx:100-poxy:100-id:circulo_2-color:BLUE
-posx:75-poxy:4-id:circulo_3-color:GREEN
-posx:25-poxy:2-id:circulo_4-color:YELLOW
-posx:120-poxy:60-id:circulo_5-color:BLACK
]]></system-out>
  </testcase>
  <testcase name="TestFour" classname="NewEmptyJUnitTest" time="0.009">
    <system-out><![CDATA[-line:1-columna:36-lexeme:25 * 2-ListMathOperation:MULTIPLICATION
-line:1-columna:45-lexeme:100 / 2-ListMathOperation:DIVISION
-line:1-columna:52-lexeme:5 * 4-ListMathOperation:MULTIPLICATION
-line:2-columna:37-lexeme:50 + 50-ListMathOperation:ADDITION
-line:2-columna:46-lexeme:50 + 50-ListMathOperation:ADDITION
-line:2-columna:53-lexeme:3 * 5-ListMathOperation:MULTIPLICATION
-line:3-columna:38-lexeme:50 + 25-ListMathOperation:ADDITION
-line:3-columna:48-lexeme:100 / 4-ListMathOperation:DIVISION
-line:3-columna:56-lexeme:20 / 2-ListMathOperation:DIVISION
-line:4-columna:37-lexeme:10 * 3-ListMathOperation:MULTIPLICATION
-line:4-columna:42-lexeme:30 - 5-ListMathOperation:SUBTRACTION
-line:4-columna:50-lexeme:80 / 2-ListMathOperation:DIVISION
-line:4-columna:57-lexeme:6 * 3-ListMathOperation:MULTIPLICATION
-line:5-columna:38-lexeme:40 + 20-ListMathOperation:ADDITION
-line:5-columna:43-lexeme:60 * 2-ListMathOperation:MULTIPLICATION
-line:5-columna:53-lexeme:50 - 20-ListMathOperation:SUBTRACTION
-line:5-columna:59-lexeme:30 + 30-ListMathOperation:ADDITION
-line:5-columna:69-lexeme:15 + 10-ListMathOperation:ADDITION
-line:5-columna:74-lexeme:25 / 5-ListMathOperation:DIVISION
]]></system-out>
  </testcase>
  <testcase name="TestTree" classname="NewEmptyJUnitTest" time="0.024">
    <system-out><![CDATA[
 - Clase<> en simbolo<ID>posicion: <5>, <82>
-line:5-columna:82-lexeme:ID
ERORR
]]></system-out>
    <system-err><![CDATA[Couldn't repair and continue parse at character 4 of input
]]></system-err>
  </testcase>
  <testcase name="TestOne" classname="NewEmptyJUnitTest" time="0.004"/>
  <testcase name="TestTwo" classname="NewEmptyJUnitTest" time="0.002"/>
  <testcase name="TestEmpty" classname="NewEmptyJUnitTest" time="0.002"/>
</testsuite>